<?xml version="1.0" encoding="UTF-8"?>
<!-- Generated by org.testng.reporters.JUnitReportReporter -->
<testsuite hostname="BLR135CG9157DMW" failures="0" tests="2" name="com.interview.swiggy.testcases.Sample1" time="0.336" errors="0" timestamp="2021-03-23T15:41:57 IST" skipped="0">
  <testcase classname="com.interview.swiggy.testcases.Sample1" name="test" time="0.008"/>
  <system-out/>
  <testcase classname="com.interview.swiggy.testcases.Sample1" name="main" time="0.328"/>
  <system-out/>
</testsuite> <!-- com.interview.swiggy.testcases.Sample1 -->
