<?xml version="1.0" encoding="UTF-8"?>
<!-- Generated by org.testng.reporters.JUnitReportReporter -->
<testsuite hostname="BLR135CG9157DMW" failures="0" tests="1" name="com.interview.swiggy.generic.BaseClass" time="0.009" errors="0" timestamp="2021-03-23T08:47:05 IST" skipped="0">
  <testcase classname="com.interview.swiggy.generic.BaseClass" name="test" time="0.009"/>
  <system-out/>
</testsuite> <!-- com.interview.swiggy.generic.BaseClass -->
